{"uid":"7f554045fec9bcf0","name":"test_search_api_invalid_auth","fullName":"step_defs.test_search_api#test_search_api_invalid_auth","historyId":"4bfe66c52d5993279f4108d45a518cc7","time":{"start":1706984298063,"stop":1706984299119,"duration":1056},"status":"failed","statusMessage":"AssertionError: assert 401 == 200\n +  where 401 = <Response [401]>.status_code","statusTrace":"@given('The user hits the search api with invalid auth')\n    def test_search_api_invalid_auth():\n        url = data['basic']['url']\n    \n        headers = data['search_invalid_auth']['headers']\n    \n        querystring = data['search_invalid_auth']['querystring']\n        response = requests.get(url, headers=headers, params=querystring)\n    \n        with allure.step(\"Search api hit with invalid auth\"):\n>           assert response.status_code == data['search_invalid_auth']['expected_output']\nE           assert 401 == 200\nE            +  where 401 = <Response [401]>.status_code\n\nstep_defs\\test_search_api.py:33: AssertionError","flaky":false,"newFailed":false,"newBroken":false,"newPassed":false,"retriesCount":0,"retriesStatusChange":false,"beforeStages":[],"testStage":{"status":"failed","statusMessage":"AssertionError: assert 401 == 200\n +  where 401 = <Response [401]>.status_code","statusTrace":"@given('The user hits the search api with invalid auth')\n    def test_search_api_invalid_auth():\n        url = data['basic']['url']\n    \n        headers = data['search_invalid_auth']['headers']\n    \n        querystring = data['search_invalid_auth']['querystring']\n        response = requests.get(url, headers=headers, params=querystring)\n    \n        with allure.step(\"Search api hit with invalid auth\"):\n>           assert response.status_code == data['search_invalid_auth']['expected_output']\nE           assert 401 == 200\nE            +  where 401 = <Response [401]>.status_code\n\nstep_defs\\test_search_api.py:33: AssertionError","steps":[{"name":"Search api hit with invalid auth","time":{"start":1706984299117,"stop":1706984299118,"duration":1},"status":"failed","statusMessage":"AssertionError: assert 401 == 200\n +  where 401 = <Response [401]>.status_code\n","statusTrace":"  File \"C:\\Users\\Lenovo\\PycharmProjects\\Prudent\\step_defs\\test_search_api.py\", line 33, in test_search_api_invalid_auth\n    assert response.status_code == data['search_invalid_auth']['expected_output']\n","steps":[],"attachments":[],"parameters":[],"attachmentsCount":0,"shouldDisplayMessage":true,"hasContent":true,"attachmentStep":false,"stepsCount":0}],"attachments":[],"parameters":[],"attachmentsCount":0,"shouldDisplayMessage":true,"hasContent":true,"attachmentStep":false,"stepsCount":1},"afterStages":[],"labels":[{"name":"parentSuite","value":"step_defs"},{"name":"suite","value":"test_search_api"},{"name":"host","value":"DESKTOP-7LBLCDO"},{"name":"thread","value":"4736-MainThread"},{"name":"framework","value":"pytest"},{"name":"language","value":"cpython3"},{"name":"package","value":"step_defs.test_search_api"},{"name":"resultFormat","value":"allure2"}],"parameters":[],"links":[],"hidden":true,"retry":true,"extra":{"categories":[],"tags":[]},"source":"7f554045fec9bcf0.json","parameterValues":[]}